<?xml version="1.0" encoding="UTF-8" standalone="no"?>
<!DOCTYPE log SYSTEM "logger.dtd">
<log>
<record>
  <date>2017-03-20T17:42:08</date>
  <millis>1490049728837</millis>
  <sequence>0</sequence>
  <logger>logger</logger>
  <level>SEVERE</level>
  <class>afjb.project.controller.NavigatorController</class>
  <method>swithUI</method>
  <thread>11</thread>
  <exception>
    <message>javafx.fxml.LoadException: Error resolving onKeyPressed='#animation_test', either the event handler is not in the Namespace or there is an error in the script.
file:/D:/USER/Documents/PROYECTO%20IA/iaProjectOne/dist/run1020145326/iaProjectOne.jar!/afjb/project/views/jugar_mundo.fxml:47
</message>
    <frame>
      <class>javafx.fxml.FXMLLoader</class>
      <method>constructLoadException</method>
      <line>2597</line>
    </frame>
    <frame>
      <class>javafx.fxml.FXMLLoader</class>
      <method>access$100</method>
      <line>103</line>
    </frame>
    <frame>
      <class>javafx.fxml.FXMLLoader$Element</class>
      <method>processEventHandlerAttributes</method>
      <line>610</line>
    </frame>
    <frame>
      <class>javafx.fxml.FXMLLoader$ValueElement</class>
      <method>processEndElement</method>
      <line>770</line>
    </frame>
    <frame>
      <class>javafx.fxml.FXMLLoader</class>
      <method>processEndElement</method>
      <line>2823</line>
    </frame>
    <frame>
      <class>javafx.fxml.FXMLLoader</class>
      <method>loadImpl</method>
      <line>2532</line>
    </frame>
    <frame>
      <class>javafx.fxml.FXMLLoader</class>
      <method>loadImpl</method>
      <line>2441</line>
    </frame>
    <frame>
      <class>javafx.fxml.FXMLLoader</class>
      <method>loadImpl</method>
      <line>3214</line>
    </frame>
    <frame>
      <class>javafx.fxml.FXMLLoader</class>
      <method>loadImpl</method>
      <line>3175</line>
    </frame>
    <frame>
      <class>javafx.fxml.FXMLLoader</class>
      <method>loadImpl</method>
      <line>3148</line>
    </frame>
    <frame>
      <class>javafx.fxml.FXMLLoader</class>
      <method>loadImpl</method>
      <line>3124</line>
    </frame>
    <frame>
      <class>javafx.fxml.FXMLLoader</class>
      <method>loadImpl</method>
      <line>3104</line>
    </frame>
    <frame>
      <class>javafx.fxml.FXMLLoader</class>
      <method>load</method>
      <line>3097</line>
    </frame>
    <frame>
      <class>afjb.project.controller.NavigatorController</class>
      <method>swithUI</method>
      <line>40</line>
    </frame>
    <frame>
      <class>afjb.project.controller.CargarMundoController</class>
      <method>jugar_mundo</method>
      <line>81</line>
    </frame>
    <frame>
      <class>sun.reflect.NativeMethodAccessorImpl</class>
      <method>invoke0</method>
    </frame>
    <frame>
      <class>sun.reflect.NativeMethodAccessorImpl</class>
      <method>invoke</method>
      <line>62</line>
    </frame>
    <frame>
      <class>sun.reflect.DelegatingMethodAccessorImpl</class>
      <method>invoke</method>
      <line>43</line>
    </frame>
    <frame>
      <class>java.lang.reflect.Method</class>
      <method>invoke</method>
      <line>498</line>
    </frame>
    <frame>
      <class>sun.reflect.misc.Trampoline</class>
      <method>invoke</method>
      <line>71</line>
    </frame>
    <frame>
      <class>sun.reflect.GeneratedMethodAccessor1</class>
      <method>invoke</method>
    </frame>
    <frame>
      <class>sun.reflect.DelegatingMethodAccessorImpl</class>
      <method>invoke</method>
      <line>43</line>
    </frame>
    <frame>
      <class>java.lang.reflect.Method</class>
      <method>invoke</method>
      <line>498</line>
    </frame>
    <frame>
      <class>sun.reflect.misc.MethodUtil</class>
      <method>invoke</method>
      <line>275</line>
    </frame>
    <frame>
      <class>javafx.fxml.FXMLLoader$MethodHandler</class>
      <method>invoke</method>
      <line>1771</line>
    </frame>
    <frame>
      <class>javafx.fxml.FXMLLoader$ControllerMethodEventHandler</class>
      <method>handle</method>
      <line>1657</line>
    </frame>
    <frame>
      <class>com.sun.javafx.event.CompositeEventHandler</class>
      <method>dispatchBubblingEvent</method>
      <line>86</line>
    </frame>
    <frame>
      <class>com.sun.javafx.event.EventHandlerManager</class>
      <method>dispatchBubblingEvent</method>
      <line>238</line>
    </frame>
    <frame>
      <class>com.sun.javafx.event.EventHandlerManager</class>
      <method>dispatchBubblingEvent</method>
      <line>191</line>
    </frame>
    <frame>
      <class>com.sun.javafx.event.CompositeEventDispatcher</class>
      <method>dispatchBubblingEvent</method>
      <line>59</line>
    </frame>
    <frame>
      <class>com.sun.javafx.event.BasicEventDispatcher</class>
      <method>dispatchEvent</method>
      <line>58</line>
    </frame>
    <frame>
      <class>com.sun.javafx.event.EventDispatchChainImpl</class>
      <method>dispatchEvent</method>
      <line>114</line>
    </frame>
    <frame>
      <class>com.sun.javafx.event.BasicEventDispatcher</class>
      <method>dispatchEvent</method>
      <line>56</line>
    </frame>
    <frame>
      <class>com.sun.javafx.event.EventDispatchChainImpl</class>
      <method>dispatchEvent</method>
      <line>114</line>
    </frame>
    <frame>
      <class>com.sun.javafx.event.BasicEventDispatcher</class>
      <method>dispatchEvent</method>
      <line>56</line>
    </frame>
    <frame>
      <class>com.sun.javafx.event.EventDispatchChainImpl</class>
      <method>dispatchEvent</method>
      <line>114</line>
    </frame>
    <frame>
      <class>com.sun.javafx.event.EventUtil</class>
      <method>fireEventImpl</method>
      <line>74</line>
    </frame>
    <frame>
      <class>com.sun.javafx.event.EventUtil</class>
      <method>fireEvent</method>
      <line>49</line>
    </frame>
    <frame>
      <class>javafx.event.Event</class>
      <method>fireEvent</method>
      <line>198</line>
    </frame>
    <frame>
      <class>javafx.scene.Node</class>
      <method>fireEvent</method>
      <line>8411</line>
    </frame>
    <frame>
      <class>javafx.scene.control.Button</class>
      <method>fire</method>
      <line>185</line>
    </frame>
    <frame>
      <class>com.sun.javafx.scene.control.behavior.ButtonBehavior</class>
      <method>mouseReleased</method>
      <line>182</line>
    </frame>
    <frame>
      <class>com.sun.javafx.scene.control.skin.BehaviorSkinBase$1</class>
      <method>handle</method>
      <line>96</line>
    </frame>
    <frame>
      <class>com.sun.javafx.scene.control.skin.BehaviorSkinBase$1</class>
      <method>handle</method>
      <line>89</line>
    </frame>
    <frame>
      <class>com.sun.javafx.event.CompositeEventHandler$NormalEventHandlerRecord</class>
      <method>handleBubblingEvent</method>
      <line>218</line>
    </frame>
    <frame>
      <class>com.sun.javafx.event.CompositeEventHandler</class>
      <method>dispatchBubblingEvent</method>
      <line>80</line>
    </frame>
    <frame>
      <class>com.sun.javafx.event.EventHandlerManager</class>
      <method>dispatchBubblingEvent</method>
      <line>238</line>
    </frame>
    <frame>
      <class>com.sun.javafx.event.EventHandlerManager</class>
      <method>dispatchBubblingEvent</method>
      <line>191</line>
    </frame>
    <frame>
      <class>com.sun.javafx.event.CompositeEventDispatcher</class>
      <method>dispatchBubblingEvent</method>
      <line>59</line>
    </frame>
    <frame>
      <class>com.sun.javafx.event.BasicEventDispatcher</class>
      <method>dispatchEvent</method>
      <line>58</line>
    </frame>
    <frame>
      <class>com.sun.javafx.event.EventDispatchChainImpl</class>
      <method>dispatchEvent</method>
      <line>114</line>
    </frame>
    <frame>
      <class>com.sun.javafx.event.BasicEventDispatcher</class>
      <method>dispatchEvent</method>
      <line>56</line>
    </frame>
    <frame>
      <class>com.sun.javafx.event.EventDispatchChainImpl</class>
      <method>dispatchEvent</method>
      <line>114</line>
    </frame>
    <frame>
      <class>com.sun.javafx.event.BasicEventDispatcher</class>
      <method>dispatchEvent</method>
      <line>56</line>
    </frame>
    <frame>
      <class>com.sun.javafx.event.EventDispatchChainImpl</class>
      <method>dispatchEvent</method>
      <line>114</line>
    </frame>
    <frame>
      <class>com.sun.javafx.event.EventUtil</class>
      <method>fireEventImpl</method>
      <line>74</line>
    </frame>
    <frame>
      <class>com.sun.javafx.event.EventUtil</class>
      <method>fireEvent</method>
      <line>54</line>
    </frame>
    <frame>
      <class>javafx.event.Event</class>
      <method>fireEvent</method>
      <line>198</line>
    </frame>
    <frame>
      <class>javafx.scene.Scene$MouseHandler</class>
      <method>process</method>
      <line>3757</line>
    </frame>
    <frame>
      <class>javafx.scene.Scene$MouseHandler</class>
      <method>access$1500</method>
      <line>3485</line>
    </frame>
    <frame>
      <class>javafx.scene.Scene</class>
      <method>impl_processMouseEvent</method>
      <line>1762</line>
    </frame>
    <frame>
      <class>javafx.scene.Scene$ScenePeerListener</class>
      <method>mouseEvent</method>
      <line>2494</line>
    </frame>
    <frame>
      <class>com.sun.javafx.tk.quantum.GlassViewEventHandler$MouseEventNotification</class>
      <method>run</method>
      <line>380</line>
    </frame>
    <frame>
      <class>com.sun.javafx.tk.quantum.GlassViewEventHandler$MouseEventNotification</class>
      <method>run</method>
      <line>294</line>
    </frame>
    <frame>
      <class>java.security.AccessController</class>
      <method>doPrivileged</method>
    </frame>
    <frame>
      <class>com.sun.javafx.tk.quantum.GlassViewEventHandler</class>
      <method>lambda$handleMouseEvent$354</method>
      <line>416</line>
    </frame>
    <frame>
      <class>com.sun.javafx.tk.quantum.QuantumToolkit</class>
      <method>runWithoutRenderLock</method>
      <line>389</line>
    </frame>
    <frame>
      <class>com.sun.javafx.tk.quantum.GlassViewEventHandler</class>
      <method>handleMouseEvent</method>
      <line>415</line>
    </frame>
    <frame>
      <class>com.sun.glass.ui.View</class>
      <method>handleMouseEvent</method>
      <line>555</line>
    </frame>
    <frame>
      <class>com.sun.glass.ui.View</class>
      <method>notifyMouse</method>
      <line>937</line>
    </frame>
    <frame>
      <class>com.sun.glass.ui.win.WinApplication</class>
      <method>_runLoop</method>
    </frame>
    <frame>
      <class>com.sun.glass.ui.win.WinApplication</class>
      <method>lambda$null$148</method>
      <line>191</line>
    </frame>
    <frame>
      <class>java.lang.Thread</class>
      <method>run</method>
      <line>745</line>
    </frame>
  </exception>
</record>
</log>
